2026-07-11 23:26:49 [ℹ]  eksctl version 0.229.0-dev+489531af5.2026-07-01T23:39:06Z
2026-07-11 23:26:49 [ℹ]  using region us-east-1
2026-07-11 23:26:49 [ℹ]  setting availability zones to [us-east-1c us-east-1a]
2026-07-11 23:26:49 [ℹ]  subnets for us-east-1c - public:192.168.0.0/19 private:192.168.64.0/19
2026-07-11 23:26:49 [ℹ]  subnets for us-east-1a - public:192.168.32.0/19 private:192.168.96.0/19
2026-07-11 23:26:49 [ℹ]  nodegroup "demo-ng" will use "" [AmazonLinux2023/1.34]
2026-07-11 23:26:49 [!]  Auto Mode will be enabled by default in an upcoming release of eksctl. This means managed node groups and managed networking add-ons will no longer be created by default. To maintain current behavior, explicitly set 'autoModeConfig.enabled: false' in your cluster configuration. Learn more: https://eksctl.io/usage/auto-mode/
2026-07-11 23:26:49 [ℹ]  using Kubernetes version 1.34
2026-07-11 23:26:49 [ℹ]  creating EKS cluster "chartextract-demo" in "us-east-1" region with managed nodes
2026-07-11 23:26:49 [ℹ]  1 nodegroup (demo-ng) was included (based on the include/exclude rules)
2026-07-11 23:26:49 [ℹ]  will create a CloudFormation stack for cluster itself and 1 managed nodegroup stack(s)
2026-07-11 23:26:49 [ℹ]  if you encounter any issues, check CloudFormation console or try 'eksctl utils describe-stacks --region=us-east-1 --cluster=chartextract-demo'
2026-07-11 23:26:49 [ℹ]  Kubernetes API endpoint access will use default of {publicAccess=true, privateAccess=false} for cluster "chartextract-demo" in "us-east-1"
2026-07-11 23:26:49 [ℹ]  CloudWatch logging will not be enabled for cluster "chartextract-demo" in "us-east-1"
2026-07-11 23:26:49 [ℹ]  you can enable it with 'eksctl utils update-cluster-logging --enable-types={SPECIFY-YOUR-LOG-TYPES-HERE (e.g. all)} --region=us-east-1 --cluster=chartextract-demo'
2026-07-11 23:26:49 [ℹ]  default addons metrics-server were not specified, will install them as EKS addons
2026-07-11 23:26:49 [ℹ]  
2 sequential tasks: { create cluster control plane "chartextract-demo", 
    2 sequential sub-tasks: { 
        2 sequential sub-tasks: { 
            1 task: { create addons },
            wait for control plane to become ready,
        },
        create managed nodegroup "demo-ng",
    } 
}
2026-07-11 23:26:49 [ℹ]  building cluster stack "eksctl-chartextract-demo-cluster"
2026-07-11 23:26:49 [ℹ]  deploying stack "eksctl-chartextract-demo-cluster"
2026-07-11 23:27:19 [ℹ]  waiting for CloudFormation stack "eksctl-chartextract-demo-cluster"
2026-07-11 23:27:49 [ℹ]  waiting for CloudFormation stack "eksctl-chartextract-demo-cluster"
2026-07-11 23:28:49 [ℹ]  waiting for CloudFormation stack "eksctl-chartextract-demo-cluster"
2026-07-11 23:29:49 [ℹ]  waiting for CloudFormation stack "eksctl-chartextract-demo-cluster"
2026-07-11 23:30:50 [ℹ]  waiting for CloudFormation stack "eksctl-chartextract-demo-cluster"
2026-07-11 23:31:50 [ℹ]  waiting for CloudFormation stack "eksctl-chartextract-demo-cluster"
2026-07-11 23:32:50 [ℹ]  waiting for CloudFormation stack "eksctl-chartextract-demo-cluster"
2026-07-11 23:33:50 [ℹ]  waiting for CloudFormation stack "eksctl-chartextract-demo-cluster"
2026-07-11 23:34:50 [ℹ]  waiting for CloudFormation stack "eksctl-chartextract-demo-cluster"
2026-07-11 23:35:50 [ℹ]  waiting for CloudFormation stack "eksctl-chartextract-demo-cluster"
2026-07-11 23:36:50 [ℹ]  waiting for CloudFormation stack "eksctl-chartextract-demo-cluster"
2026-07-11 23:36:52 [!]  recommended policies were found for "vpc-cni" addon, but since OIDC is disabled on the cluster, eksctl cannot configure the requested permissions; the recommended way to provide IAM permissions for "vpc-cni" addon is via pod identity associations; after addon creation is completed, add all recommended policies to the config file, under `addon.PodIdentityAssociations`, and run `eksctl update addon`
2026-07-11 23:36:52 [ℹ]  creating addon: vpc-cni
2026-07-11 23:36:52 [ℹ]  successfully created addon: vpc-cni
2026-07-11 23:36:52 [ℹ]  creating addon: kube-proxy
2026-07-11 23:36:52 [ℹ]  successfully created addon: kube-proxy
2026-07-11 23:36:53 [ℹ]  creating addon: coredns
2026-07-11 23:36:53 [ℹ]  successfully created addon: coredns
2026-07-11 23:38:54 [ℹ]  building managed nodegroup stack "eksctl-chartextract-demo-nodegroup-demo-ng"
2026-07-11 23:38:54 [ℹ]  deploying stack "eksctl-chartextract-demo-nodegroup-demo-ng"
2026-07-11 23:38:54 [ℹ]  waiting for CloudFormation stack "eksctl-chartextract-demo-nodegroup-demo-ng"
2026-07-11 23:39:25 [ℹ]  waiting for CloudFormation stack "eksctl-chartextract-demo-nodegroup-demo-ng"
2026-07-11 23:40:23 [ℹ]  waiting for CloudFormation stack "eksctl-chartextract-demo-nodegroup-demo-ng"
2026-07-11 23:41:26 [ℹ]  waiting for CloudFormation stack "eksctl-chartextract-demo-nodegroup-demo-ng"
2026-07-11 23:41:26 [ℹ]  waiting for the control plane to become ready
2026-07-11 23:41:26 [✔]  saved kubeconfig as "/Users/agulati/.kube/config"
2026-07-11 23:41:26 [ℹ]  no tasks
2026-07-11 23:41:26 [✔]  all EKS cluster resources for "chartextract-demo" have been created
2026-07-11 23:41:27 [ℹ]  nodegroup "demo-ng" has 2 node(s)
2026-07-11 23:41:27 [ℹ]  node "ip-192-168-48-133.ec2.internal" is ready
2026-07-11 23:41:27 [ℹ]  node "ip-192-168-63-133.ec2.internal" is ready
2026-07-11 23:41:27 [ℹ]  waiting for at least 2 node(s) to become ready in "demo-ng"
2026-07-11 23:41:27 [ℹ]  nodegroup "demo-ng" has 2 node(s)
2026-07-11 23:41:27 [ℹ]  node "ip-192-168-48-133.ec2.internal" is ready
2026-07-11 23:41:27 [ℹ]  node "ip-192-168-63-133.ec2.internal" is ready
2026-07-11 23:41:27 [✔]  created 1 managed nodegroup(s) in cluster "chartextract-demo"
2026-07-11 23:41:27 [ℹ]  creating addon: metrics-server
2026-07-11 23:41:27 [ℹ]  successfully created addon: metrics-server
2026-07-11 23:41:28 [ℹ]  kubectl command should work with "/Users/agulati/.kube/config", try 'kubectl get nodes'
2026-07-11 23:41:28 [✔]  EKS cluster "chartextract-demo" in "us-east-1" region is ready
